Apache Ant version 1.6.2 compiled on July 16 2004
Buildfile: build.xml
Adding reference: ant.PropertyHelper
Detected Java version: 1.4 in: /mnt/workspace/openj2ee/thirdparty/sun/jdk/x86/linux/jre
Detected OS: Linux
Adding reference: ant.ComponentHelper
Setting ro project property: ant.version -> Apache Ant version 1.6.2 compiled on July 16 2004
Setting ro project property: ant.file -> /mnt/workspace/docs/professional/training/j2ee/workshop/ant-dev/ch3/exercise-2/build.xml
Adding reference: ant.projectHelper
Adding reference: ant.parsing.context
Adding reference: ant.targets
parsing buildfile /mnt/workspace/docs/professional/training/j2ee/workshop/ant-dev/ch3/exercise-2/build.xml with URI = file:///mnt/workspace/docs/professional/training/j2ee/workshop/ant-dev/ch3/exercise-2/build.xml
Setting ro project property: ant.project.name -> HelloWorld
Adding reference: HelloWorld
Setting ro project property: ant.file.HelloWorld -> /mnt/workspace/docs/professional/training/j2ee/workshop/ant-dev/ch3/exercise-2/build.xml
Project base dir set to: /mnt/workspace/docs/professional/training/j2ee/workshop/ant-dev/ch3/exercise-2
 +Target: 
 +Target: hello
Build sequence for target `hello' is [hello]
Complete build sequence is [hello, ]

hello:
     [echo] Welcome from HelloWorld project

BUILD SUCCESSFUL
Total time: 0 seconds
